<component name="ArtifactManager">
  <artifact type="jar" name="Junit:jar">
    <output-path>$PROJECT_DIR$/out/artifacts/Junit_jar</output-path>
    <root id="archive" name="Junit.jar">
      <element id="directory" name="META-INF">
        <element id="file-copy" path="$PROJECT_DIR$/META-INF/MANIFEST.MF" />
      </element>
      <element id="module-output" name="junit5-tutorial" />
      <element id="extracted-dir" path="$MAVEN_REPOSITORY$/org/apiguardian/apiguardian-api/1.1.2/apiguardian-api-1.1.2.jar" path-in-jar="/" />
      <element id="extracted-dir" path="$MAVEN_REPOSITORY$/org/junit/jupiter/junit-jupiter/5.8.2/junit-jupiter-5.8.2.jar" path-in-jar="/" />
      <element id="extracted-dir" path="$MAVEN_REPOSITORY$/com/fasterxml/jackson/core/jackson-databind/2.13.2.2/jackson-databind-2.13.2.2.jar" path-in-jar="/" />
      <element id="extracted-dir" path="$MAVEN_REPOSITORY$/org/junit/jupiter/junit-jupiter-params/5.8.2/junit-jupiter-params-5.8.2.jar" path-in-jar="/" />
      <element id="extracted-dir" path="$MAVEN_REPOSITORY$/com/fasterxml/jackson/core/jackson-core/2.13.2/jackson-core-2.13.2.jar" path-in-jar="/" />
      <element id="extracted-dir" path="$MAVEN_REPOSITORY$/io/github/classgraph/classgraph/4.8.146/classgraph-4.8.146.jar" path-in-jar="/" />
      <element id="extracted-dir" path="$MAVEN_REPOSITORY$/org/junit/jupiter/junit-jupiter-api/5.8.2/junit-jupiter-api-5.8.2.jar" path-in-jar="/" />
      <element id="extracted-dir" path="$MAVEN_REPOSITORY$/org/opentest4j/opentest4j/1.2.0/opentest4j-1.2.0.jar" path-in-jar="/" />
      <element id="extracted-dir" path="$MAVEN_REPOSITORY$/com/fasterxml/jackson/core/jackson-annotations/2.13.2/jackson-annotations-2.13.2.jar" path-in-jar="/" />
      <element id="extracted-dir" path="$MAVEN_REPOSITORY$/org/junit/platform/junit-platform-engine/1.8.2/junit-platform-engine-1.8.2.jar" path-in-jar="/" />
      <element id="extracted-dir" path="$MAVEN_REPOSITORY$/org/junit/jupiter/junit-jupiter-engine/5.8.2/junit-jupiter-engine-5.8.2.jar" path-in-jar="/" />
      <element id="extracted-dir" path="$MAVEN_REPOSITORY$/com/fasterxml/jackson/datatype/jackson-datatype-jsr310/2.13.2/jackson-datatype-jsr310-2.13.2.jar" path-in-jar="/" />
      <element id="extracted-dir" path="$MAVEN_REPOSITORY$/org/junit/platform/junit-platform-commons/1.8.2/junit-platform-commons-1.8.2.jar" path-in-jar="/" />
    </root>
  </artifact>
</component>